2023-12-28T05:08:28.429+01:00  INFO 20836 --- [main] d.t.g.G280323MBeShopApplication          : Starting G280323MBeShopApplication using Java 21.0.1 with PID 20836 (E:\tel-ran\BE\g_280323_m_be_shop\target\classes started by plagi in E:\tel-ran\BE\g_280323_m_be_shop)
2023-12-28T05:08:28.435+01:00  INFO 20836 --- [main] d.t.g.G280323MBeShopApplication          : No active profile set, falling back to 1 default profile: "default"
2023-12-28T05:08:29.644+01:00  INFO 20836 --- [main] .s.d.r.c.RepositoryConfigurationDelegate : Bootstrapping Spring Data JPA repositories in DEFAULT mode.
2023-12-28T05:08:29.729+01:00  INFO 20836 --- [main] .s.d.r.c.RepositoryConfigurationDelegate : Finished Spring Data repository scanning in 74 ms. Found 4 JPA repository interfaces.
2023-12-28T05:08:30.710+01:00  INFO 20836 --- [main] o.s.b.w.embedded.tomcat.TomcatWebServer  : Tomcat initialized with port(s): 8080 (http)
2023-12-28T05:08:30.729+01:00  INFO 20836 --- [main] o.apache.catalina.core.StandardService   : Starting service [Tomcat]
2023-12-28T05:08:30.729+01:00  INFO 20836 --- [main] o.apache.catalina.core.StandardEngine    : Starting Servlet engine: [Apache Tomcat/10.1.15]
2023-12-28T05:08:30.827+01:00  INFO 20836 --- [main] o.a.c.c.C.[Tomcat].[localhost].[/]       : Initializing Spring embedded WebApplicationContext
2023-12-28T05:08:30.828+01:00  INFO 20836 --- [main] w.s.c.ServletWebServerApplicationContext : Root WebApplicationContext: initialization completed in 2327 ms
2023-12-28T05:08:31.085+01:00  INFO 20836 --- [main] o.hibernate.jpa.internal.util.LogHelper  : HHH000204: Processing PersistenceUnitInfo [name: default]
2023-12-28T05:08:31.206+01:00  INFO 20836 --- [main] org.hibernate.Version                    : HHH000412: Hibernate ORM core version 6.2.13.Final
2023-12-28T05:08:31.209+01:00  INFO 20836 --- [main] org.hibernate.cfg.Environment            : HHH000406: Using bytecode reflection optimizer
2023-12-28T05:08:31.571+01:00  INFO 20836 --- [main] o.s.o.j.p.SpringPersistenceUnitInfo      : No LoadTimeWeaver setup: ignoring JPA class transformer
2023-12-28T05:08:31.607+01:00  INFO 20836 --- [main] com.zaxxer.hikari.HikariDataSource       : HikariPool-1 - Starting...
2023-12-28T05:08:31.925+01:00  INFO 20836 --- [main] com.zaxxer.hikari.pool.HikariPool        : HikariPool-1 - Added connection com.mysql.cj.jdbc.ConnectionImpl@1bbb42b4
2023-12-28T05:08:31.927+01:00  INFO 20836 --- [main] com.zaxxer.hikari.HikariDataSource       : HikariPool-1 - Start completed.
2023-12-28T05:08:33.676+01:00  INFO 20836 --- [main] o.h.e.t.j.p.i.JtaPlatformInitiator       : HHH000489: No JTA platform available (set 'hibernate.transaction.jta.platform' to enable JTA platform integration)
2023-12-28T05:08:33.679+01:00  INFO 20836 --- [main] j.LocalContainerEntityManagerFactoryBean : Initialized JPA EntityManagerFactory for persistence unit 'default'
2023-12-28T05:08:34.540+01:00  INFO 20836 --- [main] o.s.d.j.r.query.QueryEnhancerFactory     : Hibernate is in classpath; If applicable, HQL parser will be used.
2023-12-28T05:08:34.777+01:00  WARN 20836 --- [main] JpaBaseConfiguration$JpaWebConfiguration : spring.jpa.open-in-view is enabled by default. Therefore, database queries may be performed during view rendering. Explicitly configure spring.jpa.open-in-view to disable this warning
2023-12-28T05:08:35.657+01:00  WARN 20836 --- [main] .s.s.UserDetailsServiceAutoConfiguration : 

Using generated security password: fc192d0c-4d8d-4f0a-b3ca-0dabefd589eb

This generated password is for development use only. Your security configuration must be updated before running your application in production.

2023-12-28T05:08:35.917+01:00  INFO 20836 --- [main] o.s.s.web.DefaultSecurityFilterChain     : Will secure any request with [org.springframework.security.web.session.DisableEncodeUrlFilter@2f271ae2, org.springframework.security.web.context.request.async.WebAsyncManagerIntegrationFilter@51aa8c0f, org.springframework.security.web.context.SecurityContextHolderFilter@33ed6546, org.springframework.security.web.header.HeaderWriterFilter@44046b0d, org.springframework.security.web.csrf.CsrfFilter@79408109, org.springframework.security.web.authentication.logout.LogoutFilter@1902ad0f, org.springframework.security.web.authentication.UsernamePasswordAuthenticationFilter@47fb30ca, org.springframework.security.web.authentication.ui.DefaultLoginPageGeneratingFilter@996126b, org.springframework.security.web.authentication.ui.DefaultLogoutPageGeneratingFilter@25bbca43, org.springframework.security.web.authentication.www.BasicAuthenticationFilter@92fa950, org.springframework.security.web.savedrequest.RequestCacheAwareFilter@5eb4b746, org.springframework.security.web.servletapi.SecurityContextHolderAwareRequestFilter@8616368, org.springframework.security.web.authentication.AnonymousAuthenticationFilter@74cd82f1, org.springframework.security.web.access.ExceptionTranslationFilter@7cd6b76a, org.springframework.security.web.access.intercept.AuthorizationFilter@6c165921]
2023-12-28T05:08:36.037+01:00  INFO 20836 --- [main] o.s.b.w.embedded.tomcat.TomcatWebServer  : Tomcat started on port(s): 8080 (http) with context path ''
2023-12-28T05:08:36.044+01:00  INFO 20836 --- [main] d.t.g.G280323MBeShopApplication          : Started G280323MBeShopApplication in 8.146 seconds (process running for 9.134)
2023-12-28T05:09:46.441+01:00  INFO 20836 --- [http-nio-8080-exec-4] o.a.c.c.C.[Tomcat].[localhost].[/]       : Initializing Spring DispatcherServlet 'dispatcherServlet'
2023-12-28T05:09:46.442+01:00  INFO 20836 --- [http-nio-8080-exec-4] o.s.web.servlet.DispatcherServlet        : Initializing Servlet 'dispatcherServlet'
2023-12-28T05:09:46.443+01:00  INFO 20836 --- [http-nio-8080-exec-4] o.s.web.servlet.DispatcherServlet        : Completed initialization in 1 ms
2023-12-28T05:16:04.527+01:00  INFO 20836 --- [SpringApplicationShutdownHook] j.LocalContainerEntityManagerFactoryBean : Closing JPA EntityManagerFactory for persistence unit 'default'
2023-12-28T05:16:04.530+01:00  INFO 20836 --- [SpringApplicationShutdownHook] com.zaxxer.hikari.HikariDataSource       : HikariPool-1 - Shutdown initiated...
2023-12-28T05:16:04.544+01:00  INFO 20836 --- [SpringApplicationShutdownHook] com.zaxxer.hikari.HikariDataSource       : HikariPool-1 - Shutdown completed.
2023-12-28T08:59:17.875+01:00  INFO 30852 --- [main] d.t.g.G280323MBeShopApplication          : Starting G280323MBeShopApplication using Java 21.0.1 with PID 30852 (E:\tel-ran\BE\g_280323_m_be_shop\target\classes started by plagi in E:\tel-ran\BE\g_280323_m_be_shop)
2023-12-28T08:59:17.878+01:00  INFO 30852 --- [main] d.t.g.G280323MBeShopApplication          : No active profile set, falling back to 1 default profile: "default"
2023-12-28T08:59:18.964+01:00  INFO 30852 --- [main] .s.d.r.c.RepositoryConfigurationDelegate : Bootstrapping Spring Data JPA repositories in DEFAULT mode.
2023-12-28T08:59:19.158+01:00  INFO 30852 --- [main] .s.d.r.c.RepositoryConfigurationDelegate : Finished Spring Data repository scanning in 182 ms. Found 4 JPA repository interfaces.
2023-12-28T08:59:20.486+01:00  INFO 30852 --- [main] o.s.b.w.embedded.tomcat.TomcatWebServer  : Tomcat initialized with port(s): 8080 (http)
2023-12-28T08:59:20.509+01:00  INFO 30852 --- [main] o.apache.catalina.core.StandardService   : Starting service [Tomcat]
2023-12-28T08:59:20.510+01:00  INFO 30852 --- [main] o.apache.catalina.core.StandardEngine    : Starting Servlet engine: [Apache Tomcat/10.1.15]
2023-12-28T08:59:20.665+01:00  INFO 30852 --- [main] o.a.c.c.C.[Tomcat].[localhost].[/]       : Initializing Spring embedded WebApplicationContext
2023-12-28T08:59:20.665+01:00  INFO 30852 --- [main] w.s.c.ServletWebServerApplicationContext : Root WebApplicationContext: initialization completed in 2724 ms
2023-12-28T08:59:21.121+01:00  INFO 30852 --- [main] o.hibernate.jpa.internal.util.LogHelper  : HHH000204: Processing PersistenceUnitInfo [name: default]
2023-12-28T08:59:21.249+01:00  INFO 30852 --- [main] org.hibernate.Version                    : HHH000412: Hibernate ORM core version 6.2.13.Final
2023-12-28T08:59:21.252+01:00  INFO 30852 --- [main] org.hibernate.cfg.Environment            : HHH000406: Using bytecode reflection optimizer
2023-12-28T08:59:21.775+01:00  INFO 30852 --- [main] o.s.o.j.p.SpringPersistenceUnitInfo      : No LoadTimeWeaver setup: ignoring JPA class transformer
2023-12-28T08:59:21.819+01:00  INFO 30852 --- [main] com.zaxxer.hikari.HikariDataSource       : HikariPool-1 - Starting...
2023-12-28T08:59:22.300+01:00  INFO 30852 --- [main] com.zaxxer.hikari.pool.HikariPool        : HikariPool-1 - Added connection com.mysql.cj.jdbc.ConnectionImpl@5529522f
2023-12-28T08:59:22.303+01:00  INFO 30852 --- [main] com.zaxxer.hikari.HikariDataSource       : HikariPool-1 - Start completed.
2023-12-28T08:59:24.233+01:00  INFO 30852 --- [main] o.h.e.t.j.p.i.JtaPlatformInitiator       : HHH000489: No JTA platform available (set 'hibernate.transaction.jta.platform' to enable JTA platform integration)
2023-12-28T08:59:24.237+01:00  INFO 30852 --- [main] j.LocalContainerEntityManagerFactoryBean : Initialized JPA EntityManagerFactory for persistence unit 'default'
2023-12-28T08:59:25.485+01:00  INFO 30852 --- [main] o.s.d.j.r.query.QueryEnhancerFactory     : Hibernate is in classpath; If applicable, HQL parser will be used.
2023-12-28T08:59:25.782+01:00  WARN 30852 --- [main] JpaBaseConfiguration$JpaWebConfiguration : spring.jpa.open-in-view is enabled by default. Therefore, database queries may be performed during view rendering. Explicitly configure spring.jpa.open-in-view to disable this warning
2023-12-28T08:59:27.007+01:00  WARN 30852 --- [main] .s.s.UserDetailsServiceAutoConfiguration : 

Using generated security password: b1045063-300a-417a-a274-b891b7498f2c

This generated password is for development use only. Your security configuration must be updated before running your application in production.

2023-12-28T08:59:27.364+01:00  INFO 30852 --- [main] o.s.s.web.DefaultSecurityFilterChain     : Will secure any request with [org.springframework.security.web.session.DisableEncodeUrlFilter@996126b, org.springframework.security.web.context.request.async.WebAsyncManagerIntegrationFilter@6d2413e, org.springframework.security.web.context.SecurityContextHolderFilter@23ba2c1e, org.springframework.security.web.header.HeaderWriterFilter@44872224, org.springframework.security.web.csrf.CsrfFilter@42f9b425, org.springframework.security.web.authentication.logout.LogoutFilter@c53dfb2, org.springframework.security.web.authentication.UsernamePasswordAuthenticationFilter@d20e900, org.springframework.security.web.authentication.ui.DefaultLoginPageGeneratingFilter@6dae5562, org.springframework.security.web.authentication.ui.DefaultLogoutPageGeneratingFilter@6d4b09c7, org.springframework.security.web.authentication.www.BasicAuthenticationFilter@78626209, org.springframework.security.web.savedrequest.RequestCacheAwareFilter@63b334fd, org.springframework.security.web.servletapi.SecurityContextHolderAwareRequestFilter@2e94655a, org.springframework.security.web.authentication.AnonymousAuthenticationFilter@4f50e974, org.springframework.security.web.access.ExceptionTranslationFilter@48d84d75, org.springframework.security.web.access.intercept.AuthorizationFilter@44046b0d]
2023-12-28T08:59:27.497+01:00  INFO 30852 --- [main] o.s.b.w.embedded.tomcat.TomcatWebServer  : Tomcat started on port(s): 8080 (http) with context path ''
2023-12-28T08:59:27.507+01:00  INFO 30852 --- [main] d.t.g.G280323MBeShopApplication          : Started G280323MBeShopApplication in 10.332 seconds (process running for 11.472)
